{
  "RSpec": {
    "coverage": {
      "/Users/adamhundley/Turing/3module/projects/rails_engine/spec/requests/merchants_actions_spec.rb": [
        1,
        null,
        1,
        1,
        1,
        3,
        null,
        null,
        1,
        1,
        1,
        null,
        null,
        1,
        1,
        1,
        null,
        null,
        1,
        1,
        null,
        1,
        1,
        null,
        1,
        1,
        null,
        null,
        null,
        1,
        1,
        3,
        null,
        null,
        1,
        1,
        1,
        null,
        null,
        null,
        null,
        null,
        null,
        null,
        null,
        null,
        null,
        1,
        1,
        1,
        null,
        null,
        1,
        1,
        null,
        1,
        null,
        1,
        1,
        1,
        null,
        null,
        null,
        1,
        1,
        4,
        null,
        null,
        1,
        1,
        1,
        null,
        null,
        1,
        1,
        1,
        null,
        null,
        1,
        1,
        null,
        1,
        null,
        1,
        1,
        null,
        null,
        1,
        1,
        null,
        1,
        null,
        1,
        null,
        null,
        null,
        1,
        1,
        3,
        3,
        null,
        null,
        1,
        1,
        1,
        null,
        null,
        1,
        1,
        1,
        null,
        null,
        1,
        1,
        null,
        1,
        null,
        1,
        1,
        1,
        1,
        1,
        null,
        null,
        null,
        1,
        1,
        3,
        3,
        3,
        null,
        null,
        1,
        1,
        1,
        null,
        null,
        1,
        1,
        1,
        null,
        null,
        1,
        1,
        null,
        1,
        1,
        1,
        null,
        1,
        1,
        null,
        null,
        null
      ],
      "/Users/adamhundley/Turing/3module/projects/rails_engine/spec/rails_helper.rb": [
        null,
        null,
        1,
        1,
        null,
        1,
        1,
        1,
        1,
        null,
        5,
        null,
        1,
        null,
        1,
        1,
        null,
        1,
        null,
        1,
        null,
        null,
        1,
        null,
        null,
        null
      ],
      "/Users/adamhundley/Turing/3module/projects/rails_engine/config/environment.rb": [
        null,
        1,
        null,
        null,
        1
      ],
      "/Users/adamhundley/Turing/3module/projects/rails_engine/config/application.rb": [
        1,
        null,
        null,
        1,
        null,
        1,
        1,
        1,
        1,
        1,
        1,
        1,
        null,
        null,
        null,
        null,
        1,
        null,
        1,
        1,
        null,
        null,
        null,
        null,
        null,
        null,
        null,
        null,
        null,
        null,
        null,
        null,
        null,
        1,
        null,
        null
      ],
      "/Users/adamhundley/Turing/3module/projects/rails_engine/config/boot.rb": [
        1,
        null,
        1
      ],
      "/Users/adamhundley/Turing/3module/projects/rails_engine/config/environments/test.rb": [
        1,
        null,
        null,
        null,
        null,
        null,
        null,
        1,
        null,
        null,
        null,
        null,
        1,
        null,
        null,
        1,
        1,
        null,
        null,
        1,
        1,
        null,
        null,
        1,
        null,
        null,
        1,
        null,
        null,
        null,
        null,
        1,
        null,
        null,
        1,
        null,
        null,
        1,
        null,
        null,
        null,
        null
      ],
      "/Users/adamhundley/Turing/3module/projects/rails_engine/config/initializers/assets.rb": [
        null,
        null,
        null,
        1,
        null,
        null,
        null,
        null,
        null,
        null,
        null
      ],
      "/Users/adamhundley/Turing/3module/projects/rails_engine/config/initializers/backtrace_silencers.rb": [
        null,
        null,
        null,
        null,
        null,
        null,
        null
      ],
      "/Users/adamhundley/Turing/3module/projects/rails_engine/config/initializers/cookies_serializer.rb": [
        null,
        null,
        1
      ],
      "/Users/adamhundley/Turing/3module/projects/rails_engine/config/initializers/filter_parameter_logging.rb": [
        null,
        null,
        null,
        1
      ],
      "/Users/adamhundley/Turing/3module/projects/rails_engine/config/initializers/inflections.rb": [
        null,
        null,
        null,
        null,
        null,
        null,
        null,
        null,
        null,
        null,
        null,
        null,
        null,
        null,
        null,
        null
      ],
      "/Users/adamhundley/Turing/3module/projects/rails_engine/config/initializers/mime_types.rb": [
        null,
        null,
        null,
        null
      ],
      "/Users/adamhundley/Turing/3module/projects/rails_engine/config/initializers/session_store.rb": [
        null,
        null,
        1
      ],
      "/Users/adamhundley/Turing/3module/projects/rails_engine/config/initializers/wrap_parameters.rb": [
        null,
        null,
        null,
        null,
        null,
        null,
        1,
        1,
        null,
        null,
        null,
        null,
        null,
        null
      ],
      "/Users/adamhundley/Turing/3module/projects/rails_engine/spec/factories/customers.rb": [
        1,
        1,
        1,
        1,
        null,
        null
      ],
      "/Users/adamhundley/Turing/3module/projects/rails_engine/spec/factories/invoice_items.rb": [
        1,
        1,
        1,
        1,
        1,
        1,
        null,
        null
      ],
      "/Users/adamhundley/Turing/3module/projects/rails_engine/spec/factories/invoices.rb": [
        1,
        1,
        1,
        1,
        1,
        null,
        null
      ],
      "/Users/adamhundley/Turing/3module/projects/rails_engine/spec/factories/items.rb": [
        1,
        1,
        1,
        1,
        1,
        1,
        null,
        null
      ],
      "/Users/adamhundley/Turing/3module/projects/rails_engine/spec/factories/merchants.rb": [
        1,
        1,
        1,
        null,
        null
      ],
      "/Users/adamhundley/Turing/3module/projects/rails_engine/spec/factories/transactions.rb": [
        1,
        1,
        1,
        1,
        1,
        null,
        null
      ],
      "/Users/adamhundley/Turing/3module/projects/rails_engine/config/routes.rb": [
        1,
        1,
        1,
        1,
        1,
        1,
        1,
        null,
        1,
        1,
        1,
        1,
        1,
        1,
        1,
        1,
        1,
        1,
        1,
        1,
        1,
        1,
        1,
        1,
        1,
        1,
        1,
        1,
        1,
        null,
        null,
        null
      ],
      "/Users/adamhundley/Turing/3module/projects/rails_engine/app/helpers/application_helper.rb": [
        1,
        null
      ],
      "/Users/adamhundley/Turing/3module/projects/rails_engine/spec/support/api_helper.rb": [
        1,
        1,
        6,
        null,
        null,
        1,
        1,
        null
      ],
      "/Users/adamhundley/Turing/3module/projects/rails_engine/spec/support/database_cleaner.rb": [
        1,
        1,
        1,
        1,
        null,
        null,
        1,
        16,
        16,
        null,
        null,
        null
      ],
      "/Users/adamhundley/Turing/3module/projects/rails_engine/spec/support/factory_girl.rb": [
        1,
        1,
        null
      ],
      "/Users/adamhundley/Turing/3module/projects/rails_engine/spec/support/shoulda_matchers.rb": [
        1,
        1,
        1,
        null,
        1,
        null,
        null
      ],
      "/Users/adamhundley/Turing/3module/projects/rails_engine/app/models/merchant.rb": [
        1,
        1,
        null,
        1,
        3,
        null,
        null
      ],
      "/Users/adamhundley/Turing/3module/projects/rails_engine/app/controllers/api/v1/merchants_controller.rb": [
        1,
        1,
        1,
        1,
        null,
        1,
        3,
        null,
        null,
        1,
        3,
        null,
        null,
        null,
        null
      ],
      "/Users/adamhundley/Turing/3module/projects/rails_engine/app/controllers/api/api_controller.rb": [
        1,
        1,
        1,
        null,
        null,
        null
      ],
      "/Users/adamhundley/Turing/3module/projects/rails_engine/app/controllers/application_controller.rb": [
        1,
        null,
        null,
        1,
        null
      ],
      "/Users/adamhundley/Turing/3module/projects/rails_engine/app/controllers/api/v1/merchants/finder_controller.rb": [
        1,
        1,
        1,
        1,
        1,
        null,
        1,
        1,
        7,
        null,
        null,
        1,
        10,
        null,
        null,
        null,
        null
      ],
      "/Users/adamhundley/Turing/3module/projects/rails_engine/app/models/api_base_methods.rb": [
        1,
        1,
        4,
        null,
        null,
        1,
        3,
        null,
        null,
        1,
        3,
        null,
        null
      ]
    },
    "timestamp": 1460501463
  }
}
